[error] Failed to fetch Firebase Project from Studio Workspace because WORKSPACE_SLUG environment variable is empty
[error] Failed to fetch Firebase Project from Studio Workspace because WORKSPACE_SLUG environment variable is empty
[error] Failed to fetch Firebase Project from Studio Workspace because WORKSPACE_SLUG environment variable is empty
[error] Failed to fetch Firebase Project from Studio Workspace because WORKSPACE_SLUG environment variable is empty
[debug] [2025-11-12T12:39:26.754Z] > command requires scopes: ["email","openid","https://www.googleapis.com/auth/cloudplatformprojects.readonly","https://www.googleapis.com/auth/firebase","https://www.googleapis.com/auth/cloud-platform","https://www.googleapis.com/auth/userinfo.email"]
[debug] [2025-11-12T12:39:26.755Z] > authorizing via signed-in user (flyersorgg@gmail.com)
[debug] [2025-11-12T12:39:26.765Z] Checked if tokens are valid: true, expires at: 1762953749045
[debug] [2025-11-12T12:39:26.765Z] Checked if tokens are valid: true, expires at: 1762953749045
[debug] [2025-11-12T12:39:26.766Z] Checked if tokens are valid: true, expires at: 1762953749045
[debug] [2025-11-12T12:39:26.767Z] Checked if tokens are valid: true, expires at: 1762953749045
[debug] [2025-11-12T12:39:26.767Z] Checked if tokens are valid: true, expires at: 1762953749045
[debug] [2025-11-12T12:39:26.767Z] Checked if tokens are valid: true, expires at: 1762953749045
[debug] [2025-11-12T12:39:26.768Z] Checked if tokens are valid: true, expires at: 1762953749045
[debug] [2025-11-12T12:39:26.768Z] Checked if tokens are valid: true, expires at: 1762953749045
[debug] [2025-11-12T12:39:26.768Z] Checked if tokens are valid: true, expires at: 1762953749045
[debug] [2025-11-12T12:39:26.769Z] Checked if tokens are valid: true, expires at: 1762953749045
[debug] [2025-11-12T12:39:26.769Z] Checked if tokens are valid: true, expires at: 1762953749045
[debug] [2025-11-12T12:39:26.769Z] Checked if tokens are valid: true, expires at: 1762953749045
[debug] [2025-11-12T12:39:26.770Z] Checked if tokens are valid: true, expires at: 1762953749045
[debug] [2025-11-12T12:39:26.770Z] Checked if tokens are valid: true, expires at: 1762953749045
[debug] [2025-11-12T12:39:26.781Z] Checked if tokens are valid: true, expires at: 1762953749045
[debug] [2025-11-12T12:39:26.781Z] Checked if tokens are valid: true, expires at: 1762953749045
[debug] [2025-11-12T12:39:26.782Z] Checked if tokens are valid: true, expires at: 1762953749045
[debug] [2025-11-12T12:39:26.782Z] Checked if tokens are valid: true, expires at: 1762953749045
[debug] [2025-11-12T12:39:26.782Z] > command requires scopes: ["email","openid","https://www.googleapis.com/auth/cloudplatformprojects.readonly","https://www.googleapis.com/auth/firebase","https://www.googleapis.com/auth/cloud-platform","https://www.googleapis.com/auth/userinfo.email"]
[debug] [2025-11-12T12:39:26.782Z] > authorizing via signed-in user (flyersorgg@gmail.com)
[debug] [2025-11-12T12:39:26.785Z] >>> [apiv2][query] GET https://serviceusage.googleapis.com/v1/projects/flyersgit-12645599-a5b83/services/firestore.googleapis.com [none]
[debug] [2025-11-12T12:39:26.785Z] >>> [apiv2][(partial)header] GET https://serviceusage.googleapis.com/v1/projects/flyersgit-12645599-a5b83/services/firestore.googleapis.com x-goog-quota-user=projects/flyersgit-12645599-a5b83
[debug] [2025-11-12T12:39:26.788Z] >>> [apiv2][query] GET https://serviceusage.googleapis.com/v1/projects/flyersgit-12645599-a5b83/services/storage.googleapis.com [none]
[debug] [2025-11-12T12:39:26.788Z] >>> [apiv2][(partial)header] GET https://serviceusage.googleapis.com/v1/projects/flyersgit-12645599-a5b83/services/storage.googleapis.com x-goog-quota-user=projects/flyersgit-12645599-a5b83
[debug] [2025-11-12T12:39:26.790Z] >>> [apiv2][query] GET https://serviceusage.googleapis.com/v1/projects/flyersgit-12645599-a5b83/services/firebasedataconnect.googleapis.com [none]
[debug] [2025-11-12T12:39:26.791Z] >>> [apiv2][(partial)header] GET https://serviceusage.googleapis.com/v1/projects/flyersgit-12645599-a5b83/services/firebasedataconnect.googleapis.com x-goog-quota-user=projects/flyersgit-12645599-a5b83
[debug] [2025-11-12T12:39:26.792Z] >>> [apiv2][query] GET https://serviceusage.googleapis.com/v1/projects/flyersgit-12645599-a5b83/services/identitytoolkit.googleapis.com [none]
[debug] [2025-11-12T12:39:26.793Z] >>> [apiv2][(partial)header] GET https://serviceusage.googleapis.com/v1/projects/flyersgit-12645599-a5b83/services/identitytoolkit.googleapis.com x-goog-quota-user=projects/flyersgit-12645599-a5b83
[debug] [2025-11-12T12:39:26.795Z] >>> [apiv2][query] GET https://serviceusage.googleapis.com/v1/projects/flyersgit-12645599-a5b83/services/fcm.googleapis.com [none]
[debug] [2025-11-12T12:39:26.795Z] >>> [apiv2][(partial)header] GET https://serviceusage.googleapis.com/v1/projects/flyersgit-12645599-a5b83/services/fcm.googleapis.com x-goog-quota-user=projects/flyersgit-12645599-a5b83
[debug] [2025-11-12T12:39:26.796Z] >>> [apiv2][query] GET https://serviceusage.googleapis.com/v1/projects/flyersgit-12645599-a5b83/services/cloudfunctions.googleapis.com [none]
[debug] [2025-11-12T12:39:26.797Z] >>> [apiv2][(partial)header] GET https://serviceusage.googleapis.com/v1/projects/flyersgit-12645599-a5b83/services/cloudfunctions.googleapis.com x-goog-quota-user=projects/flyersgit-12645599-a5b83
[debug] [2025-11-12T12:39:26.798Z] >>> [apiv2][query] GET https://serviceusage.googleapis.com/v1/projects/flyersgit-12645599-a5b83/services/firebaseremoteconfig.googleapis.com [none]
[debug] [2025-11-12T12:39:26.798Z] >>> [apiv2][(partial)header] GET https://serviceusage.googleapis.com/v1/projects/flyersgit-12645599-a5b83/services/firebaseremoteconfig.googleapis.com x-goog-quota-user=projects/flyersgit-12645599-a5b83
[debug] [2025-11-12T12:39:26.800Z] >>> [apiv2][query] GET https://serviceusage.googleapis.com/v1/projects/flyersgit-12645599-a5b83/services/firebaseapphosting.googleapis.com [none]
[debug] [2025-11-12T12:39:26.800Z] >>> [apiv2][(partial)header] GET https://serviceusage.googleapis.com/v1/projects/flyersgit-12645599-a5b83/services/firebaseapphosting.googleapis.com x-goog-quota-user=projects/flyersgit-12645599-a5b83
[debug] [2025-11-12T12:39:26.802Z] >>> [apiv2][query] GET https://serviceusage.googleapis.com/v1/projects/flyersgit-12645599-a5b83/services/firebaseio.com [none]
[debug] [2025-11-12T12:39:26.802Z] >>> [apiv2][(partial)header] GET https://serviceusage.googleapis.com/v1/projects/flyersgit-12645599-a5b83/services/firebaseio.com x-goog-quota-user=projects/flyersgit-12645599-a5b83
[debug] [2025-11-12T12:39:26.804Z] Checked if tokens are valid: true, expires at: 1762953749045
[debug] [2025-11-12T12:39:26.805Z] Checked if tokens are valid: true, expires at: 1762953749045
[debug] [2025-11-12T12:39:26.805Z] Checked if tokens are valid: true, expires at: 1762953749045
[debug] [2025-11-12T12:39:26.805Z] Checked if tokens are valid: true, expires at: 1762953749045
[debug] [2025-11-12T12:39:26.805Z] Checked if tokens are valid: true, expires at: 1762953749045
[debug] [2025-11-12T12:39:26.805Z] Checked if tokens are valid: true, expires at: 1762953749045
[debug] [2025-11-12T12:39:26.806Z] Checked if tokens are valid: true, expires at: 1762953749045
[debug] [2025-11-12T12:39:26.806Z] Checked if tokens are valid: true, expires at: 1762953749045
[debug] [2025-11-12T12:39:26.806Z] Checked if tokens are valid: true, expires at: 1762953749045
[debug] [2025-11-12T12:39:26.806Z] Checked if tokens are valid: true, expires at: 1762953749045
[debug] [2025-11-12T12:39:26.806Z] Checked if tokens are valid: true, expires at: 1762953749045
[debug] [2025-11-12T12:39:26.806Z] Checked if tokens are valid: true, expires at: 1762953749045
[debug] [2025-11-12T12:39:26.807Z] Checked if tokens are valid: true, expires at: 1762953749045
[debug] [2025-11-12T12:39:26.807Z] Checked if tokens are valid: true, expires at: 1762953749045
[debug] [2025-11-12T12:39:26.810Z] Checked if tokens are valid: true, expires at: 1762953749045
[debug] [2025-11-12T12:39:26.810Z] Checked if tokens are valid: true, expires at: 1762953749045
[debug] [2025-11-12T12:39:26.811Z] Checked if tokens are valid: true, expires at: 1762953749045
[debug] [2025-11-12T12:39:26.811Z] Checked if tokens are valid: true, expires at: 1762953749045
[debug] [2025-11-12T12:39:26.811Z] >>> [apiv2][query] GET https://serviceusage.googleapis.com/v1/projects/flyersgit-12645599-a5b83/services/firestore.googleapis.com [none]
[debug] [2025-11-12T12:39:26.811Z] >>> [apiv2][(partial)header] GET https://serviceusage.googleapis.com/v1/projects/flyersgit-12645599-a5b83/services/firestore.googleapis.com x-goog-quota-user=projects/flyersgit-12645599-a5b83
[debug] [2025-11-12T12:39:26.814Z] >>> [apiv2][query] GET https://serviceusage.googleapis.com/v1/projects/flyersgit-12645599-a5b83/services/storage.googleapis.com [none]
[debug] [2025-11-12T12:39:26.814Z] >>> [apiv2][(partial)header] GET https://serviceusage.googleapis.com/v1/projects/flyersgit-12645599-a5b83/services/storage.googleapis.com x-goog-quota-user=projects/flyersgit-12645599-a5b83
[debug] [2025-11-12T12:39:26.816Z] >>> [apiv2][query] GET https://serviceusage.googleapis.com/v1/projects/flyersgit-12645599-a5b83/services/firebasedataconnect.googleapis.com [none]
[debug] [2025-11-12T12:39:26.816Z] >>> [apiv2][(partial)header] GET https://serviceusage.googleapis.com/v1/projects/flyersgit-12645599-a5b83/services/firebasedataconnect.googleapis.com x-goog-quota-user=projects/flyersgit-12645599-a5b83
[debug] [2025-11-12T12:39:26.819Z] >>> [apiv2][query] GET https://serviceusage.googleapis.com/v1/projects/flyersgit-12645599-a5b83/services/identitytoolkit.googleapis.com [none]
[debug] [2025-11-12T12:39:26.819Z] >>> [apiv2][(partial)header] GET https://serviceusage.googleapis.com/v1/projects/flyersgit-12645599-a5b83/services/identitytoolkit.googleapis.com x-goog-quota-user=projects/flyersgit-12645599-a5b83
[debug] [2025-11-12T12:39:26.821Z] >>> [apiv2][query] GET https://serviceusage.googleapis.com/v1/projects/flyersgit-12645599-a5b83/services/fcm.googleapis.com [none]
[debug] [2025-11-12T12:39:26.821Z] >>> [apiv2][(partial)header] GET https://serviceusage.googleapis.com/v1/projects/flyersgit-12645599-a5b83/services/fcm.googleapis.com x-goog-quota-user=projects/flyersgit-12645599-a5b83
[debug] [2025-11-12T12:39:26.826Z] >>> [apiv2][query] GET https://serviceusage.googleapis.com/v1/projects/flyersgit-12645599-a5b83/services/cloudfunctions.googleapis.com [none]
[debug] [2025-11-12T12:39:26.826Z] >>> [apiv2][(partial)header] GET https://serviceusage.googleapis.com/v1/projects/flyersgit-12645599-a5b83/services/cloudfunctions.googleapis.com x-goog-quota-user=projects/flyersgit-12645599-a5b83
[debug] [2025-11-12T12:39:26.829Z] >>> [apiv2][query] GET https://serviceusage.googleapis.com/v1/projects/flyersgit-12645599-a5b83/services/firebaseremoteconfig.googleapis.com [none]
[debug] [2025-11-12T12:39:26.829Z] >>> [apiv2][(partial)header] GET https://serviceusage.googleapis.com/v1/projects/flyersgit-12645599-a5b83/services/firebaseremoteconfig.googleapis.com x-goog-quota-user=projects/flyersgit-12645599-a5b83
[debug] [2025-11-12T12:39:26.830Z] >>> [apiv2][query] GET https://serviceusage.googleapis.com/v1/projects/flyersgit-12645599-a5b83/services/firebaseapphosting.googleapis.com [none]
[debug] [2025-11-12T12:39:26.830Z] >>> [apiv2][(partial)header] GET https://serviceusage.googleapis.com/v1/projects/flyersgit-12645599-a5b83/services/firebaseapphosting.googleapis.com x-goog-quota-user=projects/flyersgit-12645599-a5b83
[debug] [2025-11-12T12:39:26.832Z] >>> [apiv2][query] GET https://serviceusage.googleapis.com/v1/projects/flyersgit-12645599-a5b83/services/firebaseio.com [none]
[debug] [2025-11-12T12:39:26.832Z] >>> [apiv2][(partial)header] GET https://serviceusage.googleapis.com/v1/projects/flyersgit-12645599-a5b83/services/firebaseio.com x-goog-quota-user=projects/flyersgit-12645599-a5b83
[debug] [2025-11-12T12:39:27.909Z] <<< [apiv2][status] GET https://serviceusage.googleapis.com/v1/projects/flyersgit-12645599-a5b83/services/firebaseio.com 403
[debug] [2025-11-12T12:39:27.909Z] <<< [apiv2][body] GET https://serviceusage.googleapis.com/v1/projects/flyersgit-12645599-a5b83/services/firebaseio.com [omitted]
[debug] [2025-11-12T12:39:27.925Z] <<< [apiv2][status] GET https://serviceusage.googleapis.com/v1/projects/flyersgit-12645599-a5b83/services/firebaseio.com 403
[debug] [2025-11-12T12:39:27.926Z] <<< [apiv2][body] GET https://serviceusage.googleapis.com/v1/projects/flyersgit-12645599-a5b83/services/firebaseio.com [omitted]
[debug] [2025-11-12T12:39:28.135Z] <<< [apiv2][status] GET https://serviceusage.googleapis.com/v1/projects/flyersgit-12645599-a5b83/services/firebaseremoteconfig.googleapis.com 200
[debug] [2025-11-12T12:39:28.136Z] <<< [apiv2][body] GET https://serviceusage.googleapis.com/v1/projects/flyersgit-12645599-a5b83/services/firebaseremoteconfig.googleapis.com [omitted]
[debug] [2025-11-12T12:39:28.148Z] <<< [apiv2][status] GET https://serviceusage.googleapis.com/v1/projects/flyersgit-12645599-a5b83/services/firebasedataconnect.googleapis.com 200
[debug] [2025-11-12T12:39:28.149Z] <<< [apiv2][body] GET https://serviceusage.googleapis.com/v1/projects/flyersgit-12645599-a5b83/services/firebasedataconnect.googleapis.com [omitted]
[debug] [2025-11-12T12:39:28.158Z] <<< [apiv2][status] GET https://serviceusage.googleapis.com/v1/projects/flyersgit-12645599-a5b83/services/fcm.googleapis.com 200
[debug] [2025-11-12T12:39:28.158Z] <<< [apiv2][body] GET https://serviceusage.googleapis.com/v1/projects/flyersgit-12645599-a5b83/services/fcm.googleapis.com [omitted]
[debug] [2025-11-12T12:39:28.173Z] <<< [apiv2][status] GET https://serviceusage.googleapis.com/v1/projects/flyersgit-12645599-a5b83/services/cloudfunctions.googleapis.com 200
[debug] [2025-11-12T12:39:28.173Z] <<< [apiv2][body] GET https://serviceusage.googleapis.com/v1/projects/flyersgit-12645599-a5b83/services/cloudfunctions.googleapis.com [omitted]
[debug] [2025-11-12T12:39:28.178Z] <<< [apiv2][status] GET https://serviceusage.googleapis.com/v1/projects/flyersgit-12645599-a5b83/services/storage.googleapis.com 200
[debug] [2025-11-12T12:39:28.178Z] <<< [apiv2][body] GET https://serviceusage.googleapis.com/v1/projects/flyersgit-12645599-a5b83/services/storage.googleapis.com [omitted]
[debug] [2025-11-12T12:39:28.193Z] <<< [apiv2][status] GET https://serviceusage.googleapis.com/v1/projects/flyersgit-12645599-a5b83/services/firebasedataconnect.googleapis.com 200
[debug] [2025-11-12T12:39:28.194Z] <<< [apiv2][body] GET https://serviceusage.googleapis.com/v1/projects/flyersgit-12645599-a5b83/services/firebasedataconnect.googleapis.com [omitted]
[debug] [2025-11-12T12:39:28.198Z] <<< [apiv2][status] GET https://serviceusage.googleapis.com/v1/projects/flyersgit-12645599-a5b83/services/firebaseapphosting.googleapis.com 200
[debug] [2025-11-12T12:39:28.198Z] <<< [apiv2][body] GET https://serviceusage.googleapis.com/v1/projects/flyersgit-12645599-a5b83/services/firebaseapphosting.googleapis.com [omitted]
[debug] [2025-11-12T12:39:28.205Z] <<< [apiv2][status] GET https://serviceusage.googleapis.com/v1/projects/flyersgit-12645599-a5b83/services/firestore.googleapis.com 200
[debug] [2025-11-12T12:39:28.205Z] <<< [apiv2][body] GET https://serviceusage.googleapis.com/v1/projects/flyersgit-12645599-a5b83/services/firestore.googleapis.com [omitted]
[debug] [2025-11-12T12:39:28.211Z] <<< [apiv2][status] GET https://serviceusage.googleapis.com/v1/projects/flyersgit-12645599-a5b83/services/cloudfunctions.googleapis.com 200
[debug] [2025-11-12T12:39:28.211Z] <<< [apiv2][body] GET https://serviceusage.googleapis.com/v1/projects/flyersgit-12645599-a5b83/services/cloudfunctions.googleapis.com [omitted]
[debug] [2025-11-12T12:39:28.213Z] <<< [apiv2][status] GET https://serviceusage.googleapis.com/v1/projects/flyersgit-12645599-a5b83/services/fcm.googleapis.com 200
[debug] [2025-11-12T12:39:28.213Z] <<< [apiv2][body] GET https://serviceusage.googleapis.com/v1/projects/flyersgit-12645599-a5b83/services/fcm.googleapis.com [omitted]
[debug] [2025-11-12T12:39:28.223Z] <<< [apiv2][status] GET https://serviceusage.googleapis.com/v1/projects/flyersgit-12645599-a5b83/services/identitytoolkit.googleapis.com 200
[debug] [2025-11-12T12:39:28.223Z] <<< [apiv2][body] GET https://serviceusage.googleapis.com/v1/projects/flyersgit-12645599-a5b83/services/identitytoolkit.googleapis.com [omitted]
[debug] [2025-11-12T12:39:28.229Z] <<< [apiv2][status] GET https://serviceusage.googleapis.com/v1/projects/flyersgit-12645599-a5b83/services/firebaseapphosting.googleapis.com 200
[debug] [2025-11-12T12:39:28.230Z] <<< [apiv2][body] GET https://serviceusage.googleapis.com/v1/projects/flyersgit-12645599-a5b83/services/firebaseapphosting.googleapis.com [omitted]
[error] Failed to fetch Firebase Project from Studio Workspace because WORKSPACE_SLUG environment variable is empty
[debug] [2025-11-12T12:39:28.244Z] <<< [apiv2][status] GET https://serviceusage.googleapis.com/v1/projects/flyersgit-12645599-a5b83/services/firebaseremoteconfig.googleapis.com 200
[debug] [2025-11-12T12:39:28.244Z] <<< [apiv2][body] GET https://serviceusage.googleapis.com/v1/projects/flyersgit-12645599-a5b83/services/firebaseremoteconfig.googleapis.com [omitted]
[error] Failed to fetch Firebase Project from Studio Workspace because WORKSPACE_SLUG environment variable is empty
[error] Failed to fetch Firebase Project from Studio Workspace because WORKSPACE_SLUG environment variable is empty
[debug] [2025-11-12T12:39:28.270Z] > command requires scopes: ["email","openid","https://www.googleapis.com/auth/cloudplatformprojects.readonly","https://www.googleapis.com/auth/firebase","https://www.googleapis.com/auth/cloud-platform","https://www.googleapis.com/auth/userinfo.email"]
[debug] [2025-11-12T12:39:28.273Z] > authorizing via signed-in user (flyersorgg@gmail.com)
[error] Failed to fetch Firebase Project from Studio Workspace because WORKSPACE_SLUG environment variable is empty
[debug] [2025-11-12T12:39:28.276Z] > command requires scopes: ["email","openid","https://www.googleapis.com/auth/cloudplatformprojects.readonly","https://www.googleapis.com/auth/firebase","https://www.googleapis.com/auth/cloud-platform","https://www.googleapis.com/auth/userinfo.email"]
[debug] [2025-11-12T12:39:28.276Z] > authorizing via signed-in user (flyersorgg@gmail.com)
[debug] [2025-11-12T12:39:28.280Z] <<< [apiv2][status] GET https://serviceusage.googleapis.com/v1/projects/flyersgit-12645599-a5b83/services/identitytoolkit.googleapis.com 200
[debug] [2025-11-12T12:39:28.280Z] <<< [apiv2][body] GET https://serviceusage.googleapis.com/v1/projects/flyersgit-12645599-a5b83/services/identitytoolkit.googleapis.com [omitted]
[debug] [2025-11-12T12:39:28.290Z] <<< [apiv2][status] GET https://serviceusage.googleapis.com/v1/projects/flyersgit-12645599-a5b83/services/firestore.googleapis.com 200
[debug] [2025-11-12T12:39:28.290Z] <<< [apiv2][body] GET https://serviceusage.googleapis.com/v1/projects/flyersgit-12645599-a5b83/services/firestore.googleapis.com [omitted]
[debug] [2025-11-12T12:39:28.292Z] <<< [apiv2][status] GET https://serviceusage.googleapis.com/v1/projects/flyersgit-12645599-a5b83/services/storage.googleapis.com 200
[debug] [2025-11-12T12:39:28.292Z] <<< [apiv2][body] GET https://serviceusage.googleapis.com/v1/projects/flyersgit-12645599-a5b83/services/storage.googleapis.com [omitted]
[error] Failed to fetch Firebase Project from Studio Workspace because WORKSPACE_SLUG environment variable is empty
[error] Failed to fetch Firebase Project from Studio Workspace because WORKSPACE_SLUG environment variable is empty
[error] Failed to fetch Firebase Project from Studio Workspace because WORKSPACE_SLUG environment variable is empty
[error] Failed to fetch Firebase Project from Studio Workspace because WORKSPACE_SLUG environment variable is empty
[debug] [2025-11-12T12:39:28.334Z] > command requires scopes: ["email","openid","https://www.googleapis.com/auth/cloudplatformprojects.readonly","https://www.googleapis.com/auth/firebase","https://www.googleapis.com/auth/cloud-platform","https://www.googleapis.com/auth/userinfo.email"]
[debug] [2025-11-12T12:39:28.337Z] > authorizing via signed-in user (flyersorgg@gmail.com)
[error] Failed to fetch Firebase Project from Studio Workspace because WORKSPACE_SLUG environment variable is empty
[debug] [2025-11-12T12:39:28.341Z] > command requires scopes: ["email","openid","https://www.googleapis.com/auth/cloudplatformprojects.readonly","https://www.googleapis.com/auth/firebase","https://www.googleapis.com/auth/cloud-platform","https://www.googleapis.com/auth/userinfo.email"]
[debug] [2025-11-12T12:39:28.341Z] > authorizing via signed-in user (flyersorgg@gmail.com)
[error] Failed to fetch Firebase Project from Studio Workspace because WORKSPACE_SLUG environment variable is empty
[error] Failed to fetch Firebase Project from Studio Workspace because WORKSPACE_SLUG environment variable is empty
[debug] [2025-11-12T12:39:28.361Z] > command requires scopes: ["email","openid","https://www.googleapis.com/auth/cloudplatformprojects.readonly","https://www.googleapis.com/auth/firebase","https://www.googleapis.com/auth/cloud-platform","https://www.googleapis.com/auth/userinfo.email"]
[debug] [2025-11-12T12:39:28.361Z] > authorizing via signed-in user (flyersorgg@gmail.com)
[error] Failed to fetch Firebase Project from Studio Workspace because WORKSPACE_SLUG environment variable is empty
[debug] [2025-11-12T12:39:28.363Z] > command requires scopes: ["email","openid","https://www.googleapis.com/auth/cloudplatformprojects.readonly","https://www.googleapis.com/auth/firebase","https://www.googleapis.com/auth/cloud-platform","https://www.googleapis.com/auth/userinfo.email"]
[debug] [2025-11-12T12:39:28.366Z] > authorizing via signed-in user (flyersorgg@gmail.com)
