[debug] [2025-10-30T17:12:49.947Z] [Firebase Plugin] Activating Firebase extension.
[debug] [2025-10-30T17:13:09.603Z] [Firebase Plugin] requireAuthWrapper
[debug] [2025-10-30T17:13:09.607Z] > command requires scopes: ["email","openid","https://www.googleapis.com/auth/cloudplatformprojects.readonly","https://www.googleapis.com/auth/firebase","https://www.googleapis.com/auth/cloud-platform"]
[debug] [2025-10-30T17:13:09.607Z] > authorizing via signed-in user (smnk2006@gmail.com)
[debug] [2025-10-30T17:13:09.612Z] Checked if tokens are valid: true, expires at: 1761846324881
[debug] [2025-10-30T17:13:09.612Z] Checked if tokens are valid: true, expires at: 1761846324881
[debug] [2025-10-30T17:13:09.612Z] [Firebase Plugin] User found:  smnk2006@gmail.com
[info] [Firebase Plugin] (Core:Project) New user detected, fetching projects
[debug] [2025-10-30T17:13:09.614Z] Checked if tokens are valid: true, expires at: 1761846324881
[debug] [2025-10-30T17:13:09.615Z] >>> [apiv2][query] GET https://firebase.googleapis.com/v1beta1/projects pageSize=1000
[debug] [2025-10-30T17:13:09.627Z] [Firebase Plugin] VSCode notification server listening on port 40001
[info] [Firebase Plugin] Starting Data Connect toolkit (version 2.15.0) on port 50001
[debug] [2025-10-30T17:13:10.041Z] 'fdc build' failed with error: Unable to build your Data Connect schema and connectors (exit code 1): E1030 22:43:10.037118   27176 cmd.go:43] Error loading data connect config: could not find dataconnect.yaml in `c:\Users\smnk2\Downloads\flyers\dataconnect`
 {"metadata":{"emulator":{"name":"dataconnect"},"message":"'fdc build' failed with error: Unable to build your Data Connect schema and connectors (exit code 1): E1030 22:43:10.037118   27176 cmd.go:43] Error loading data connect config: could not find dataconnect.yaml in `c:\\Users\\smnk2\\Downloads\\flyers\\dataconnect`\n"}}
[debug] [2025-10-30T17:13:10.042Z] Ignoring unsupported arg: auto_download {"metadata":{"emulator":{"name":"dataconnect"},"message":"Ignoring unsupported arg: auto_download"}}
[debug] [2025-10-30T17:13:10.042Z] Ignoring unsupported arg: port {"metadata":{"emulator":{"name":"dataconnect"},"message":"Ignoring unsupported arg: port"}}
[debug] [2025-10-30T17:13:10.042Z] Starting Data Connect Emulator with command {"binary":"C:\\Users\\smnk2\\.cache\\firebase\\emulators\\dataconnect-emulator-2.15.0.exe","args":["--logtostderr","-v=2","dev","--listen=localhost:50001","--config_dir=c:\\Users\\smnk2\\Downloads\\flyers\\dataconnect","--enable_output_schema_extensions=true","--enable_output_generated_sdk=true"],"optionalArgs":["listen","config_dir","enable_output_schema_extensions","enable_output_generated_sdk"],"joinArgs":true,"shell":false,"port":9399} {"metadata":{"emulator":{"name":"dataconnect"},"message":"Starting Data Connect Emulator with command {\"binary\":\"C:\\\\Users\\\\smnk2\\\\.cache\\\\firebase\\\\emulators\\\\dataconnect-emulator-2.15.0.exe\",\"args\":[\"--logtostderr\",\"-v=2\",\"dev\",\"--listen=localhost:50001\",\"--config_dir=c:\\\\Users\\\\smnk2\\\\Downloads\\\\flyers\\\\dataconnect\",\"--enable_output_schema_extensions=true\",\"--enable_output_generated_sdk=true\"],\"optionalArgs\":[\"listen\",\"config_dir\",\"enable_output_schema_extensions\",\"enable_output_generated_sdk\"],\"joinArgs\":true,\"shell\":false,\"port\":9399}"}}
[info] i  dataconnect: Data Connect Emulator logging to dataconnect-debug.log {"metadata":{"emulator":{"name":"dataconnect"},"message":"Data Connect Emulator logging to \u001b[1mdataconnect-debug.log\u001b[22m"}}
[debug] [2025-10-30T17:13:10.115Z] E1030 22:43:10.115380   26436 dev.go:79] Failed to load initial config from "c:\\Users\\smnk2\\Downloads\\flyers\\dataconnect": could not find dataconnect.yaml in `c:\Users\smnk2\Downloads\flyers\dataconnect`
 {"metadata":{"emulator":{"name":"dataconnect"},"message":"E1030 22:43:10.115380   26436 dev.go:79] Failed to load initial config from \"c:\\\\Users\\\\smnk2\\\\Downloads\\\\flyers\\\\dataconnect\": could not find dataconnect.yaml in `c:\\Users\\smnk2\\Downloads\\flyers\\dataconnect`\n"}}
[debug] [2025-10-30T17:13:10.119Z] E1030 22:43:10.118390   26436 watch.go:102] watchAllDir unable to walk dir `c:\Users\smnk2\Downloads\flyers\dataconnect`: CreateFile c:\Users\smnk2\Downloads\flyers\dataconnect: The system cannot find the file specified.
 {"metadata":{"emulator":{"name":"dataconnect"},"message":"E1030 22:43:10.118390   26436 watch.go:102] watchAllDir unable to walk dir `c:\\Users\\smnk2\\Downloads\\flyers\\dataconnect`: CreateFile c:\\Users\\smnk2\\Downloads\\flyers\\dataconnect: The system cannot find the file specified.\n"}}
[debug] [2025-10-30T17:13:10.138Z] I1030 22:43:10.138529   26436 dev.go:102] Listening on address (HTTP + gRPC): 127.0.0.1:50001
 {"metadata":{"emulator":{"name":"dataconnect"},"message":"I1030 22:43:10.138529   26436 dev.go:102] Listening on address (HTTP + gRPC): 127.0.0.1:50001\n"}}
[error] [Firebase Plugin] error:  {}
[debug] [2025-10-30T17:13:11.860Z] <<< [apiv2][status] GET https://firebase.googleapis.com/v1beta1/projects 200
[debug] [2025-10-30T17:13:11.861Z] <<< [apiv2][body] GET https://firebase.googleapis.com/v1beta1/projects [omitted]
[debug] [2025-10-30T17:13:20.119Z] E1030 22:43:20.119358   26436 watch.go:31] Failed to load config from "c:\\Users\\smnk2\\Downloads\\flyers\\dataconnect": could not find dataconnect.yaml in `c:\Users\smnk2\Downloads\flyers\dataconnect`
 {"metadata":{"emulator":{"name":"dataconnect"},"message":"E1030 22:43:20.119358   26436 watch.go:31] Failed to load config from \"c:\\\\Users\\\\smnk2\\\\Downloads\\\\flyers\\\\dataconnect\": could not find dataconnect.yaml in `c:\\Users\\smnk2\\Downloads\\flyers\\dataconnect`\n"}}
[debug] [2025-10-30T17:13:30.120Z] E1030 22:43:30.120305   26436 watch.go:31] Failed to load config from "c:\\Users\\smnk2\\Downloads\\flyers\\dataconnect": could not find dataconnect.yaml in `c:\Users\smnk2\Downloads\flyers\dataconnect`
 {"metadata":{"emulator":{"name":"dataconnect"},"message":"E1030 22:43:30.120305   26436 watch.go:31] Failed to load config from \"c:\\\\Users\\\\smnk2\\\\Downloads\\\\flyers\\\\dataconnect\": could not find dataconnect.yaml in `c:\\Users\\smnk2\\Downloads\\flyers\\dataconnect`\n"}}
[debug] [2025-10-30T17:13:40.118Z] E1030 22:43:40.118739   26436 watch.go:31] Failed to load config from "c:\\Users\\smnk2\\Downloads\\flyers\\dataconnect": could not find dataconnect.yaml in `c:\Users\smnk2\Downloads\flyers\dataconnect`
 {"metadata":{"emulator":{"name":"dataconnect"},"message":"E1030 22:43:40.118739   26436 watch.go:31] Failed to load config from \"c:\\\\Users\\\\smnk2\\\\Downloads\\\\flyers\\\\dataconnect\": could not find dataconnect.yaml in `c:\\Users\\smnk2\\Downloads\\flyers\\dataconnect`\n"}}
[debug] [2025-10-30T17:13:52.394Z] E1030 22:43:50.119263   26436 watch.go:31] Failed to load config from "c:\\Users\\smnk2\\Downloads\\flyers\\dataconnect": could not find dataconnect.yaml in `c:\Users\smnk2\Downloads\flyers\dataconnect`
 {"metadata":{"emulator":{"name":"dataconnect"},"message":"E1030 22:43:50.119263   26436 watch.go:31] Failed to load config from \"c:\\\\Users\\\\smnk2\\\\Downloads\\\\flyers\\\\dataconnect\": could not find dataconnect.yaml in `c:\\Users\\smnk2\\Downloads\\flyers\\dataconnect`\n"}}
[debug] [2025-10-30T17:14:00.119Z] E1030 22:44:00.120515   26436 watch.go:31] Failed to load config from "c:\\Users\\smnk2\\Downloads\\flyers\\dataconnect": could not find dataconnect.yaml in `c:\Users\smnk2\Downloads\flyers\dataconnect`
 {"metadata":{"emulator":{"name":"dataconnect"},"message":"E1030 22:44:00.120515   26436 watch.go:31] Failed to load config from \"c:\\\\Users\\\\smnk2\\\\Downloads\\\\flyers\\\\dataconnect\": could not find dataconnect.yaml in `c:\\Users\\smnk2\\Downloads\\flyers\\dataconnect`\n"}}
[debug] [2025-10-30T17:14:10.119Z] E1030 22:44:10.119490   26436 watch.go:31] Failed to load config from "c:\\Users\\smnk2\\Downloads\\flyers\\dataconnect": could not find dataconnect.yaml in `c:\Users\smnk2\Downloads\flyers\dataconnect`
 {"metadata":{"emulator":{"name":"dataconnect"},"message":"E1030 22:44:10.119490   26436 watch.go:31] Failed to load config from \"c:\\\\Users\\\\smnk2\\\\Downloads\\\\flyers\\\\dataconnect\": could not find dataconnect.yaml in `c:\\Users\\smnk2\\Downloads\\flyers\\dataconnect`\n"}}
[debug] [2025-10-30T17:14:20.123Z] E1030 22:44:20.120334   26436 watch.go:31] Failed to load config from "c:\\Users\\smnk2\\Downloads\\flyers\\dataconnect": could not find dataconnect.yaml in `c:\Users\smnk2\Downloads\flyers\dataconnect`
 {"metadata":{"emulator":{"name":"dataconnect"},"message":"E1030 22:44:20.120334   26436 watch.go:31] Failed to load config from \"c:\\\\Users\\\\smnk2\\\\Downloads\\\\flyers\\\\dataconnect\": could not find dataconnect.yaml in `c:\\Users\\smnk2\\Downloads\\flyers\\dataconnect`\n"}}
[debug] [2025-10-30T17:14:30.119Z] E1030 22:44:30.119395   26436 watch.go:31] Failed to load config from "c:\\Users\\smnk2\\Downloads\\flyers\\dataconnect": could not find dataconnect.yaml in `c:\Users\smnk2\Downloads\flyers\dataconnect`
 {"metadata":{"emulator":{"name":"dataconnect"},"message":"E1030 22:44:30.119395   26436 watch.go:31] Failed to load config from \"c:\\\\Users\\\\smnk2\\\\Downloads\\\\flyers\\\\dataconnect\": could not find dataconnect.yaml in `c:\\Users\\smnk2\\Downloads\\flyers\\dataconnect`\n"}}
[debug] [2025-10-30T17:14:40.119Z] E1030 22:44:40.119069   26436 watch.go:31] Failed to load config from "c:\\Users\\smnk2\\Downloads\\flyers\\dataconnect": could not find dataconnect.yaml in `c:\Users\smnk2\Downloads\flyers\dataconnect`
 {"metadata":{"emulator":{"name":"dataconnect"},"message":"E1030 22:44:40.119069   26436 watch.go:31] Failed to load config from \"c:\\\\Users\\\\smnk2\\\\Downloads\\\\flyers\\\\dataconnect\": could not find dataconnect.yaml in `c:\\Users\\smnk2\\Downloads\\flyers\\dataconnect`\n"}}
[debug] [2025-10-30T17:14:50.121Z] E1030 22:44:50.121104   26436 watch.go:31] Failed to load config from "c:\\Users\\smnk2\\Downloads\\flyers\\dataconnect": could not find dataconnect.yaml in `c:\Users\smnk2\Downloads\flyers\dataconnect`
 {"metadata":{"emulator":{"name":"dataconnect"},"message":"E1030 22:44:50.121104   26436 watch.go:31] Failed to load config from \"c:\\\\Users\\\\smnk2\\\\Downloads\\\\flyers\\\\dataconnect\": could not find dataconnect.yaml in `c:\\Users\\smnk2\\Downloads\\flyers\\dataconnect`\n"}}
[debug] [2025-10-30T17:15:00.123Z] E1030 22:45:00.123398   26436 watch.go:31] Failed to load config from "c:\\Users\\smnk2\\Downloads\\flyers\\dataconnect": could not find dataconnect.yaml in `c:\Users\smnk2\Downloads\flyers\dataconnect`
 {"metadata":{"emulator":{"name":"dataconnect"},"message":"E1030 22:45:00.123398   26436 watch.go:31] Failed to load config from \"c:\\\\Users\\\\smnk2\\\\Downloads\\\\flyers\\\\dataconnect\": could not find dataconnect.yaml in `c:\\Users\\smnk2\\Downloads\\flyers\\dataconnect`\n"}}
[debug] [2025-10-30T17:15:10.119Z] E1030 22:45:10.119281   26436 watch.go:31] Failed to load config from "c:\\Users\\smnk2\\Downloads\\flyers\\dataconnect": could not find dataconnect.yaml in `c:\Users\smnk2\Downloads\flyers\dataconnect`
E1030 22:45:10.119281   26436 watch.go:102] watchAllDir unable to walk dir `c:\Users\smnk2\Downloads\flyers\dataconnect`: CreateFile c:\Users\smnk2\Downloads\flyers\dataconnect: The system cannot find the file specified.
 {"metadata":{"emulator":{"name":"dataconnect"},"message":"E1030 22:45:10.119281   26436 watch.go:31] Failed to load config from \"c:\\\\Users\\\\smnk2\\\\Downloads\\\\flyers\\\\dataconnect\": could not find dataconnect.yaml in `c:\\Users\\smnk2\\Downloads\\flyers\\dataconnect`\nE1030 22:45:10.119281   26436 watch.go:102] watchAllDir unable to walk dir `c:\\Users\\smnk2\\Downloads\\flyers\\dataconnect`: CreateFile c:\\Users\\smnk2\\Downloads\\flyers\\dataconnect: The system cannot find the file specified.\n"}}
[debug] [2025-10-30T17:15:20.126Z] E1030 22:45:20.125375   26436 watch.go:31] Failed to load config from "c:\\Users\\smnk2\\Downloads\\flyers\\dataconnect": could not find dataconnect.yaml in `c:\Users\smnk2\Downloads\flyers\dataconnect`
 {"metadata":{"emulator":{"name":"dataconnect"},"message":"E1030 22:45:20.125375   26436 watch.go:31] Failed to load config from \"c:\\\\Users\\\\smnk2\\\\Downloads\\\\flyers\\\\dataconnect\": could not find dataconnect.yaml in `c:\\Users\\smnk2\\Downloads\\flyers\\dataconnect`\n"}}
[debug] [2025-10-30T17:15:30.119Z] E1030 22:45:30.119679   26436 watch.go:31] Failed to load config from "c:\\Users\\smnk2\\Downloads\\flyers\\dataconnect": could not find dataconnect.yaml in `c:\Users\smnk2\Downloads\flyers\dataconnect`
 {"metadata":{"emulator":{"name":"dataconnect"},"message":"E1030 22:45:30.119679   26436 watch.go:31] Failed to load config from \"c:\\\\Users\\\\smnk2\\\\Downloads\\\\flyers\\\\dataconnect\": could not find dataconnect.yaml in `c:\\Users\\smnk2\\Downloads\\flyers\\dataconnect`\n"}}
[debug] [2025-10-30T17:15:40.118Z] E1030 22:45:40.118711   26436 watch.go:31] Failed to load config from "c:\\Users\\smnk2\\Downloads\\flyers\\dataconnect": could not find dataconnect.yaml in `c:\Users\smnk2\Downloads\flyers\dataconnect`
 {"metadata":{"emulator":{"name":"dataconnect"},"message":"E1030 22:45:40.118711   26436 watch.go:31] Failed to load config from \"c:\\\\Users\\\\smnk2\\\\Downloads\\\\flyers\\\\dataconnect\": could not find dataconnect.yaml in `c:\\Users\\smnk2\\Downloads\\flyers\\dataconnect`\n"}}
